<?xml version="1.0" encoding="UTF-8"?>
<testsuite xmlns:xsi="http://www.w3.org/2001/XMLSchema-instance" xsi:noNamespaceSchemaLocation="https://maven.apache.org/surefire/maven-surefire-plugin/xsd/surefire-test-report-3.0.xsd" version="3.0" name="TestSuite" time="1.218" tests="4" errors="0" skipped="0" failures="0">
  <properties>
    <property name="java.specification.version" value="21"/>
    <property name="sun.cpu.isalist" value="amd64"/>
    <property name="sun.jnu.encoding" value="Cp1252"/>
    <property name="java.class.path" value="C:\Users\gauti\eclipse-workspace\swaglabs-automation\target\test-classes;C:\Users\gauti\eclipse-workspace\swaglabs-automation\target\classes;C:\Users\gauti\.m2\repository\io\cucumber\cucumber-java\7.25.0\cucumber-java-7.25.0.jar;C:\Users\gauti\.m2\repository\io\cucumber\cucumber-core\7.25.0\cucumber-core-7.25.0.jar;C:\Users\gauti\.m2\repository\io\cucumber\cucumber-gherkin\7.25.0\cucumber-gherkin-7.25.0.jar;C:\Users\gauti\.m2\repository\io\cucumber\cucumber-gherkin-messages\7.25.0\cucumber-gherkin-messages-7.25.0.jar;C:\Users\gauti\.m2\repository\io\cucumber\gherkin\33.0.0\gherkin-33.0.0.jar;C:\Users\gauti\.m2\repository\io\cucumber\messages\28.0.0\messages-28.0.0.jar;C:\Users\gauti\.m2\repository\io\cucumber\pretty-formatter\0.3.0\pretty-formatter-0.3.0.jar;C:\Users\gauti\.m2\repository\io\cucumber\query\13.5.0\query-13.5.0.jar;C:\Users\gauti\.m2\repository\io\cucumber\testng-xml-formatter\0.4.0\testng-xml-formatter-0.4.0.jar;C:\Users\gauti\.m2\repository\io\cucumber\tag-expressions\6.1.2\tag-expressions-6.1.2.jar;C:\Users\gauti\.m2\repository\io\cucumber\cucumber-expressions\18.0.1\cucumber-expressions-18.0.1.jar;C:\Users\gauti\.m2\repository\io\cucumber\datatable\7.25.0\datatable-7.25.0.jar;C:\Users\gauti\.m2\repository\io\cucumber\cucumber-plugin\7.25.0\cucumber-plugin-7.25.0.jar;C:\Users\gauti\.m2\repository\io\cucumber\docstring\7.25.0\docstring-7.25.0.jar;C:\Users\gauti\.m2\repository\io\cucumber\html-formatter\21.13.0\html-formatter-21.13.0.jar;C:\Users\gauti\.m2\repository\io\cucumber\junit-xml-formatter\0.8.0\junit-xml-formatter-0.8.0.jar;C:\Users\gauti\.m2\repository\io\cucumber\ci-environment\10.0.1\ci-environment-10.0.1.jar;C:\Users\gauti\.m2\repository\org\apiguardian\apiguardian-api\1.1.2\apiguardian-api-1.1.2.jar;C:\Users\gauti\.m2\repository\io\cucumber\cucumber-testng\7.25.0\cucumber-testng-7.25.0.jar;C:\Users\gauti\.m2\repository\org\testng\testng\7.11.0\testng-7.11.0.jar;C:\Users\gauti\.m2\repository\org\slf4j\slf4j-api\2.0.16\slf4j-api-2.0.16.jar;C:\Users\gauti\.m2\repository\org\jcommander\jcommander\1.83\jcommander-1.83.jar;C:\Users\gauti\.m2\repository\org\webjars\jquery\3.7.1\jquery-3.7.1.jar;C:\Users\gauti\.m2\repository\org\seleniumhq\selenium\selenium-java\4.34.0\selenium-java-4.34.0.jar;C:\Users\gauti\.m2\repository\org\seleniumhq\selenium\selenium-api\4.34.0\selenium-api-4.34.0.jar;C:\Users\gauti\.m2\repository\org\jspecify\jspecify\1.0.0\jspecify-1.0.0.jar;C:\Users\gauti\.m2\repository\org\seleniumhq\selenium\selenium-chrome-driver\4.34.0\selenium-chrome-driver-4.34.0.jar;C:\Users\gauti\.m2\repository\com\google\auto\service\auto-service-annotations\1.1.1\auto-service-annotations-1.1.1.jar;C:\Users\gauti\.m2\repository\org\seleniumhq\selenium\selenium-chromium-driver\4.34.0\selenium-chromium-driver-4.34.0.jar;C:\Users\gauti\.m2\repository\org\seleniumhq\selenium\selenium-json\4.34.0\selenium-json-4.34.0.jar;C:\Users\gauti\.m2\repository\org\seleniumhq\selenium\selenium-manager\4.34.0\selenium-manager-4.34.0.jar;C:\Users\gauti\.m2\repository\org\seleniumhq\selenium\selenium-devtools-v136\4.34.0\selenium-devtools-v136-4.34.0.jar;C:\Users\gauti\.m2\repository\org\seleniumhq\selenium\selenium-devtools-v137\4.34.0\selenium-devtools-v137-4.34.0.jar;C:\Users\gauti\.m2\repository\org\seleniumhq\selenium\selenium-devtools-v138\4.34.0\selenium-devtools-v138-4.34.0.jar;C:\Users\gauti\.m2\repository\org\seleniumhq\selenium\selenium-edge-driver\4.34.0\selenium-edge-driver-4.34.0.jar;C:\Users\gauti\.m2\repository\org\seleniumhq\selenium\selenium-firefox-driver\4.34.0\selenium-firefox-driver-4.34.0.jar;C:\Users\gauti\.m2\repository\org\seleniumhq\selenium\selenium-http\4.34.0\selenium-http-4.34.0.jar;C:\Users\gauti\.m2\repository\org\seleniumhq\selenium\selenium-ie-driver\4.34.0\selenium-ie-driver-4.34.0.jar;C:\Users\gauti\.m2\repository\org\seleniumhq\selenium\selenium-remote-driver\4.34.0\selenium-remote-driver-4.34.0.jar;C:\Users\gauti\.m2\repository\com\google\guava\guava\33.4.8-jre\guava-33.4.8-jre.jar;C:\Users\gauti\.m2\repository\com\google\guava\failureaccess\1.0.3\failureaccess-1.0.3.jar;C:\Users\gauti\.m2\repository\com\google\guava\listenablefuture\9999.0-empty-to-avoid-conflict-with-guava\listenablefuture-9999.0-empty-to-avoid-conflict-with-guava.jar;C:\Users\gauti\.m2\repository\com\google\errorprone\error_prone_annotations\2.36.0\error_prone_annotations-2.36.0.jar;C:\Users\gauti\.m2\repository\com\google\j2objc\j2objc-annotations\3.0.0\j2objc-annotations-3.0.0.jar;C:\Users\gauti\.m2\repository\io\opentelemetry\opentelemetry-api\1.51.0\opentelemetry-api-1.51.0.jar;C:\Users\gauti\.m2\repository\io\opentelemetry\opentelemetry-context\1.51.0\opentelemetry-context-1.51.0.jar;C:\Users\gauti\.m2\repository\io\opentelemetry\opentelemetry-exporter-logging\1.51.0\opentelemetry-exporter-logging-1.51.0.jar;C:\Users\gauti\.m2\repository\io\opentelemetry\opentelemetry-sdk-common\1.51.0\opentelemetry-sdk-common-1.51.0.jar;C:\Users\gauti\.m2\repository\io\opentelemetry\opentelemetry-sdk-extension-autoconfigure-spi\1.51.0\opentelemetry-sdk-extension-autoconfigure-spi-1.51.0.jar;C:\Users\gauti\.m2\repository\io\opentelemetry\opentelemetry-sdk-extension-autoconfigure\1.51.0\opentelemetry-sdk-extension-autoconfigure-1.51.0.jar;C:\Users\gauti\.m2\repository\io\opentelemetry\opentelemetry-sdk-trace\1.51.0\opentelemetry-sdk-trace-1.51.0.jar;C:\Users\gauti\.m2\repository\io\opentelemetry\opentelemetry-sdk\1.51.0\opentelemetry-sdk-1.51.0.jar;C:\Users\gauti\.m2\repository\io\opentelemetry\opentelemetry-sdk-metrics\1.51.0\opentelemetry-sdk-metrics-1.51.0.jar;C:\Users\gauti\.m2\repository\io\opentelemetry\opentelemetry-sdk-logs\1.51.0\opentelemetry-sdk-logs-1.51.0.jar;C:\Users\gauti\.m2\repository\net\bytebuddy\byte-buddy\1.17.6\byte-buddy-1.17.6.jar;C:\Users\gauti\.m2\repository\org\seleniumhq\selenium\selenium-os\4.34.0\selenium-os-4.34.0.jar;C:\Users\gauti\.m2\repository\org\apache\commons\commons-exec\1.5.0\commons-exec-1.5.0.jar;C:\Users\gauti\.m2\repository\org\seleniumhq\selenium\selenium-safari-driver\4.34.0\selenium-safari-driver-4.34.0.jar;C:\Users\gauti\.m2\repository\org\seleniumhq\selenium\selenium-support\4.34.0\selenium-support-4.34.0.jar;C:\Users\gauti\.m2\repository\net\java\dev\jna\jna\5.13.0\jna-5.13.0.jar;"/>
    <property name="java.vm.vendor" value="Oracle Corporation"/>
    <property name="sun.arch.data.model" value="64"/>
    <property name="user.variant" value=""/>
    <property name="java.vendor.url" value="https://java.oracle.com/"/>
    <property name="user.timezone" value="Asia/Calcutta"/>
    <property name="os.name" value="Windows 11"/>
    <property name="java.vm.specification.version" value="21"/>
    <property name="sun.java.launcher" value="SUN_STANDARD"/>
    <property name="user.country" value="IN"/>
    <property name="sun.boot.library.path" value="C:\Program Files\Java\jdk-21\bin"/>
    <property name="sun.java.command" value="C:\Users\gauti\AppData\Local\Temp\surefire5857367505780975906\surefirebooter-20250721005358124_3.jar C:\Users\gauti\AppData\Local\Temp\surefire5857367505780975906 2025-07-21T00-53-57_990-jvmRun1 surefire-20250721005358124_1tmp surefire_0-20250721005358124_2tmp"/>
    <property name="jdk.debug" value="release"/>
    <property name="surefire.test.class.path" value="C:\Users\gauti\eclipse-workspace\swaglabs-automation\target\test-classes;C:\Users\gauti\eclipse-workspace\swaglabs-automation\target\classes;C:\Users\gauti\.m2\repository\io\cucumber\cucumber-java\7.25.0\cucumber-java-7.25.0.jar;C:\Users\gauti\.m2\repository\io\cucumber\cucumber-core\7.25.0\cucumber-core-7.25.0.jar;C:\Users\gauti\.m2\repository\io\cucumber\cucumber-gherkin\7.25.0\cucumber-gherkin-7.25.0.jar;C:\Users\gauti\.m2\repository\io\cucumber\cucumber-gherkin-messages\7.25.0\cucumber-gherkin-messages-7.25.0.jar;C:\Users\gauti\.m2\repository\io\cucumber\gherkin\33.0.0\gherkin-33.0.0.jar;C:\Users\gauti\.m2\repository\io\cucumber\messages\28.0.0\messages-28.0.0.jar;C:\Users\gauti\.m2\repository\io\cucumber\pretty-formatter\0.3.0\pretty-formatter-0.3.0.jar;C:\Users\gauti\.m2\repository\io\cucumber\query\13.5.0\query-13.5.0.jar;C:\Users\gauti\.m2\repository\io\cucumber\testng-xml-formatter\0.4.0\testng-xml-formatter-0.4.0.jar;C:\Users\gauti\.m2\repository\io\cucumber\tag-expressions\6.1.2\tag-expressions-6.1.2.jar;C:\Users\gauti\.m2\repository\io\cucumber\cucumber-expressions\18.0.1\cucumber-expressions-18.0.1.jar;C:\Users\gauti\.m2\repository\io\cucumber\datatable\7.25.0\datatable-7.25.0.jar;C:\Users\gauti\.m2\repository\io\cucumber\cucumber-plugin\7.25.0\cucumber-plugin-7.25.0.jar;C:\Users\gauti\.m2\repository\io\cucumber\docstring\7.25.0\docstring-7.25.0.jar;C:\Users\gauti\.m2\repository\io\cucumber\html-formatter\21.13.0\html-formatter-21.13.0.jar;C:\Users\gauti\.m2\repository\io\cucumber\junit-xml-formatter\0.8.0\junit-xml-formatter-0.8.0.jar;C:\Users\gauti\.m2\repository\io\cucumber\ci-environment\10.0.1\ci-environment-10.0.1.jar;C:\Users\gauti\.m2\repository\org\apiguardian\apiguardian-api\1.1.2\apiguardian-api-1.1.2.jar;C:\Users\gauti\.m2\repository\io\cucumber\cucumber-testng\7.25.0\cucumber-testng-7.25.0.jar;C:\Users\gauti\.m2\repository\org\testng\testng\7.11.0\testng-7.11.0.jar;C:\Users\gauti\.m2\repository\org\slf4j\slf4j-api\2.0.16\slf4j-api-2.0.16.jar;C:\Users\gauti\.m2\repository\org\jcommander\jcommander\1.83\jcommander-1.83.jar;C:\Users\gauti\.m2\repository\org\webjars\jquery\3.7.1\jquery-3.7.1.jar;C:\Users\gauti\.m2\repository\org\seleniumhq\selenium\selenium-java\4.34.0\selenium-java-4.34.0.jar;C:\Users\gauti\.m2\repository\org\seleniumhq\selenium\selenium-api\4.34.0\selenium-api-4.34.0.jar;C:\Users\gauti\.m2\repository\org\jspecify\jspecify\1.0.0\jspecify-1.0.0.jar;C:\Users\gauti\.m2\repository\org\seleniumhq\selenium\selenium-chrome-driver\4.34.0\selenium-chrome-driver-4.34.0.jar;C:\Users\gauti\.m2\repository\com\google\auto\service\auto-service-annotations\1.1.1\auto-service-annotations-1.1.1.jar;C:\Users\gauti\.m2\repository\org\seleniumhq\selenium\selenium-chromium-driver\4.34.0\selenium-chromium-driver-4.34.0.jar;C:\Users\gauti\.m2\repository\org\seleniumhq\selenium\selenium-json\4.34.0\selenium-json-4.34.0.jar;C:\Users\gauti\.m2\repository\org\seleniumhq\selenium\selenium-manager\4.34.0\selenium-manager-4.34.0.jar;C:\Users\gauti\.m2\repository\org\seleniumhq\selenium\selenium-devtools-v136\4.34.0\selenium-devtools-v136-4.34.0.jar;C:\Users\gauti\.m2\repository\org\seleniumhq\selenium\selenium-devtools-v137\4.34.0\selenium-devtools-v137-4.34.0.jar;C:\Users\gauti\.m2\repository\org\seleniumhq\selenium\selenium-devtools-v138\4.34.0\selenium-devtools-v138-4.34.0.jar;C:\Users\gauti\.m2\repository\org\seleniumhq\selenium\selenium-edge-driver\4.34.0\selenium-edge-driver-4.34.0.jar;C:\Users\gauti\.m2\repository\org\seleniumhq\selenium\selenium-firefox-driver\4.34.0\selenium-firefox-driver-4.34.0.jar;C:\Users\gauti\.m2\repository\org\seleniumhq\selenium\selenium-http\4.34.0\selenium-http-4.34.0.jar;C:\Users\gauti\.m2\repository\org\seleniumhq\selenium\selenium-ie-driver\4.34.0\selenium-ie-driver-4.34.0.jar;C:\Users\gauti\.m2\repository\org\seleniumhq\selenium\selenium-remote-driver\4.34.0\selenium-remote-driver-4.34.0.jar;C:\Users\gauti\.m2\repository\com\google\guava\guava\33.4.8-jre\guava-33.4.8-jre.jar;C:\Users\gauti\.m2\repository\com\google\guava\failureaccess\1.0.3\failureaccess-1.0.3.jar;C:\Users\gauti\.m2\repository\com\google\guava\listenablefuture\9999.0-empty-to-avoid-conflict-with-guava\listenablefuture-9999.0-empty-to-avoid-conflict-with-guava.jar;C:\Users\gauti\.m2\repository\com\google\errorprone\error_prone_annotations\2.36.0\error_prone_annotations-2.36.0.jar;C:\Users\gauti\.m2\repository\com\google\j2objc\j2objc-annotations\3.0.0\j2objc-annotations-3.0.0.jar;C:\Users\gauti\.m2\repository\io\opentelemetry\opentelemetry-api\1.51.0\opentelemetry-api-1.51.0.jar;C:\Users\gauti\.m2\repository\io\opentelemetry\opentelemetry-context\1.51.0\opentelemetry-context-1.51.0.jar;C:\Users\gauti\.m2\repository\io\opentelemetry\opentelemetry-exporter-logging\1.51.0\opentelemetry-exporter-logging-1.51.0.jar;C:\Users\gauti\.m2\repository\io\opentelemetry\opentelemetry-sdk-common\1.51.0\opentelemetry-sdk-common-1.51.0.jar;C:\Users\gauti\.m2\repository\io\opentelemetry\opentelemetry-sdk-extension-autoconfigure-spi\1.51.0\opentelemetry-sdk-extension-autoconfigure-spi-1.51.0.jar;C:\Users\gauti\.m2\repository\io\opentelemetry\opentelemetry-sdk-extension-autoconfigure\1.51.0\opentelemetry-sdk-extension-autoconfigure-1.51.0.jar;C:\Users\gauti\.m2\repository\io\opentelemetry\opentelemetry-sdk-trace\1.51.0\opentelemetry-sdk-trace-1.51.0.jar;C:\Users\gauti\.m2\repository\io\opentelemetry\opentelemetry-sdk\1.51.0\opentelemetry-sdk-1.51.0.jar;C:\Users\gauti\.m2\repository\io\opentelemetry\opentelemetry-sdk-metrics\1.51.0\opentelemetry-sdk-metrics-1.51.0.jar;C:\Users\gauti\.m2\repository\io\opentelemetry\opentelemetry-sdk-logs\1.51.0\opentelemetry-sdk-logs-1.51.0.jar;C:\Users\gauti\.m2\repository\net\bytebuddy\byte-buddy\1.17.6\byte-buddy-1.17.6.jar;C:\Users\gauti\.m2\repository\org\seleniumhq\selenium\selenium-os\4.34.0\selenium-os-4.34.0.jar;C:\Users\gauti\.m2\repository\org\apache\commons\commons-exec\1.5.0\commons-exec-1.5.0.jar;C:\Users\gauti\.m2\repository\org\seleniumhq\selenium\selenium-safari-driver\4.34.0\selenium-safari-driver-4.34.0.jar;C:\Users\gauti\.m2\repository\org\seleniumhq\selenium\selenium-support\4.34.0\selenium-support-4.34.0.jar;C:\Users\gauti\.m2\repository\net\java\dev\jna\jna\5.13.0\jna-5.13.0.jar;"/>
    <property name="sun.cpu.endian" value="little"/>
    <property name="user.home" value="C:\Users\gauti"/>
    <property name="user.language" value="en"/>
    <property name="java.specification.vendor" value="Oracle Corporation"/>
    <property name="java.version.date" value="2025-01-21"/>
    <property name="java.home" value="C:\Program Files\Java\jdk-21"/>
    <property name="file.separator" value="\"/>
    <property name="basedir" value="C:\Users\gauti\eclipse-workspace\swaglabs-automation"/>
    <property name="java.vm.compressedOopsMode" value="Zero based"/>
    <property name="line.separator" value="&#10;"/>
    <property name="java.vm.specification.vendor" value="Oracle Corporation"/>
    <property name="java.specification.name" value="Java Platform API Specification"/>
    <property name="surefire.real.class.path" value="C:\Users\gauti\AppData\Local\Temp\surefire5857367505780975906\surefirebooter-20250721005358124_3.jar"/>
    <property name="user.script" value=""/>
    <property name="sun.management.compiler" value="HotSpot 64-Bit Tiered Compilers"/>
    <property name="java.runtime.version" value="21.0.6+8-LTS-188"/>
    <property name="user.name" value="gauti"/>
    <property name="stdout.encoding" value="Cp1252"/>
    <property name="path.separator" value=";"/>
    <property name="os.version" value="10.0"/>
    <property name="java.runtime.name" value="Java(TM) SE Runtime Environment"/>
    <property name="file.encoding" value="UTF-8"/>
    <property name="java.vm.name" value="Java HotSpot(TM) 64-Bit Server VM"/>
    <property name="localRepository" value="C:\Users\gauti\.m2\repository"/>
    <property name="java.vendor.url.bug" value="https://bugreport.java.com/bugreport/"/>
    <property name="java.io.tmpdir" value="C:\Users\gauti\AppData\Local\Temp\"/>
    <property name="java.version" value="21.0.6"/>
    <property name="cucumber.filter.tags" value="@smoke"/>
    <property name="user.dir" value="C:\Users\gauti\eclipse-workspace\swaglabs-automation"/>
    <property name="os.arch" value="amd64"/>
    <property name="java.vm.specification.name" value="Java Virtual Machine Specification"/>
    <property name="sun.os.patch.level" value=""/>
    <property name="native.encoding" value="Cp1252"/>
    <property name="java.library.path" value="C:\Program Files\Java\jdk-21\bin;C:\WINDOWS\Sun\Java\bin;C:\WINDOWS\system32;C:\WINDOWS;C:/Users/gauti/Downloads/eclipse-java-2024-12-R-win32-x86_64/eclipse//plugins/org.eclipse.justj.openjdk.hotspot.jre.full.win32.x86_64_21.0.7.v20250502-0916/jre/bin/server;C:/Users/gauti/Downloads/eclipse-java-2024-12-R-win32-x86_64/eclipse//plugins/org.eclipse.justj.openjdk.hotspot.jre.full.win32.x86_64_21.0.7.v20250502-0916/jre/bin;C:\Program Files\Common Files\Oracle\Java\javapath;C:\Program Files (x86)\Common Files\Oracle\Java\java8path;C:\Program Files (x86)\Common Files\Oracle\Java\javapath;C:\windows\system32;C:\windows;C:\windows\System32\Wbem;C:\windows\System32\WindowsPowerShell\v1.0\;C:\windows\System32\OpenSSH\;C:\Program Files\HP\HP One Agent;C:\WINDOWS\system32;C:\WINDOWS;C:\WINDOWS\System32\Wbem;C:\WINDOWS\System32\WindowsPowerShell\v1.0\;C:\WINDOWS\System32\OpenSSH\;C:\Program Files\Java\jdk-21\bin;C:\Program Files\apache-maven-3.9.11\bin;C:\Users\gauti\AppData\Local\Microsoft\WindowsApps;;C:\Users\gauti\Downloads\eclipse-java-2024-12-R-win32-x86_64\eclipse;;."/>
    <property name="java.vm.info" value="mixed mode, sharing"/>
    <property name="stderr.encoding" value="Cp1252"/>
    <property name="java.vendor" value="Oracle Corporation"/>
    <property name="java.vm.version" value="21.0.6+8-LTS-188"/>
    <property name="sun.io.unicode.encoding" value="UnicodeLittle"/>
    <property name="java.class.version" value="65.0"/>
  </properties>
  <testcase name="runScenario[&quot;Scenario 1 from test1 feature&quot;, &quot;This is test1 feature&quot;](1)" classname="testrunner.CucumberTestRunnerForTags" time="0.095">
    <system-out><![CDATA[
@smoke @regression
Scenario: Scenario 1 from test1 feature # file:///C:/Users/gauti/eclipse-workspace/swaglabs-automation/src/test/resources/featurestags/test1.feature:3
]]></system-out>
    <system-err><![CDATA[SLF4J(W): No SLF4J providers were found.
SLF4J(W): Defaulting to no-operation (NOP) logger implementation
SLF4J(W): See https://www.slf4j.org/codes.html#noProviders for further details.
]]></system-err>
  </testcase>
  <testcase name="runScenario[&quot;Scenario 2 from test1 feature&quot;, &quot;This is test1 feature&quot;](2)" classname="testrunner.CucumberTestRunnerForTags" time="0.02">
    <system-out><![CDATA[
@smoke @regression @perf
Scenario: Scenario 2 from test1 feature # file:///C:/Users/gauti/eclipse-workspace/swaglabs-automation/src/test/resources/featurestags/test1.feature:9
]]></system-out>
  </testcase>
  <testcase name="runScenario[&quot;Scenario 2 from test2 feature&quot;, &quot;This is test2 feature&quot;](3)" classname="testrunner.CucumberTestRunnerForTags" time="0.002">
    <system-out><![CDATA[
@smoke
Scenario: Scenario 2 from test2 feature # file:///C:/Users/gauti/eclipse-workspace/swaglabs-automation/src/test/resources/featurestags/test2.feature:8
]]></system-out>
  </testcase>
  <testcase name="runScenario[&quot;Scenario 3 from test3 feature&quot;, &quot;This is test3 feature&quot;](4)" classname="testrunner.CucumberTestRunnerForTags" time="0.001">
    <system-out><![CDATA[
@smoke @regression
Scenario: Scenario 3 from test3 feature # file:///C:/Users/gauti/eclipse-workspace/swaglabs-automation/src/test/resources/featurestags/test3.feature:13
]]></system-out>
  </testcase>
</testsuite>