<?xml version="1.0" encoding="UTF-8"?>
<!-- Generated by org.testng.reporters.JUnitReportReporter -->
<testsuite hostname="Gauti" failures="0" tests="2" name="testrunner.CucumberTestRunnerForTags" time="0.072" errors="0" timestamp="2025-07-21T00:22:56 IST" skipped="0">
  <testcase classname="testrunner.CucumberTestRunnerForTags" name="runScenario" time="0.070"/>
  <testcase classname="testrunner.CucumberTestRunnerForTags" name="runScenario" time="0.002"/>
</testsuite> <!-- testrunner.CucumberTestRunnerForTags -->
