<?xml version="1.0" encoding="UTF-8"?>
<!-- Generated by org.testng.reporters.JUnitReportReporter -->
<testsuite hostname="Gauti" failures="0" tests="1" name="testrunner.CucumberTestRunner" time="3.690" errors="0" timestamp="2025-07-20T23:45:01 IST" skipped="0">
  <testcase classname="testrunner.CucumberTestRunner" name="runScenario" time="3.690"/>
</testsuite> <!-- testrunner.CucumberTestRunner -->
