<?xml version="1.0" encoding="UTF-8"?>
<!-- Generated by org.testng.reporters.JUnitReportReporter -->
<testsuite hostname="Gauti" failures="0" tests="4" name="testrunner.CucumberTestRunnerForTags" time="0.098" errors="0" timestamp="2025-07-21T00:53:59 IST" skipped="0">
  <testcase classname="testrunner.CucumberTestRunnerForTags" name="runScenario" time="0.001"/>
  <testcase classname="testrunner.CucumberTestRunnerForTags" name="runScenario" time="0.001"/>
  <testcase classname="testrunner.CucumberTestRunnerForTags" name="runScenario" time="0.001"/>
  <testcase classname="testrunner.CucumberTestRunnerForTags" name="runScenario" time="0.095"/>
</testsuite> <!-- testrunner.CucumberTestRunnerForTags -->
